2026-04-19 00:20:21 | Starting EfficientNet Transfer Learning Pipeline
2026-04-19 00:20:21 | Total images found: 864
2026-04-19 00:20:21 | Class 0 (diabetes_spolu_zo_suchym_okom): 432
2026-04-19 00:20:21 | Class 1 (zdravi_ludi): 432
2026-04-19 00:20:21 | Training samples: 691
2026-04-19 00:20:21 | Test samples: 173
2026-04-19 00:20:24 | Device: cuda
2026-04-19 00:20:24 | Trainable params: 2,562
2026-04-19 00:20:27 | Epoch 01/60 | train_loss=0.5709 | val_loss=0.4909 | val_f1_macro=0.8128 | lr=0.001000
2026-04-19 00:20:29 | Epoch 02/60 | train_loss=0.4753 | val_loss=0.4449 | val_f1_macro=0.8429 | lr=0.000999
2026-04-19 00:20:31 | Epoch 03/60 | train_loss=0.4218 | val_loss=0.4565 | val_f1_macro=0.8055 | lr=0.000997
2026-04-19 00:20:33 | Epoch 04/60 | train_loss=0.4164 | val_loss=0.4108 | val_f1_macro=0.8184 | lr=0.000994
2026-04-19 00:20:35 | Epoch 05/60 | train_loss=0.4041 | val_loss=0.4111 | val_f1_macro=0.8128 | lr=0.000989
2026-04-19 00:20:37 | Epoch 06/60 | train_loss=0.3881 | val_loss=0.3784 | val_f1_macro=0.8486 | lr=0.000983
2026-04-19 00:20:39 | Epoch 07/60 | train_loss=0.4037 | val_loss=0.3893 | val_f1_macro=0.8309 | lr=0.000976
2026-04-19 00:20:41 | Epoch 08/60 | train_loss=0.4060 | val_loss=0.3754 | val_f1_macro=0.8609 | lr=0.000967
2026-04-19 00:20:43 | Epoch 09/60 | train_loss=0.3937 | val_loss=0.3744 | val_f1_macro=0.8545 | lr=0.000957
2026-04-19 00:20:45 | Epoch 10/60 | train_loss=0.3649 | val_loss=0.3401 | val_f1_macro=0.8497 | lr=0.000946
2026-04-19 00:20:50 | Epoch 11/60 | train_loss=0.3862 | val_loss=0.3605 | val_f1_macro=0.8609 | lr=0.000933
2026-04-19 00:20:52 | Epoch 12/60 | train_loss=0.3635 | val_loss=0.3594 | val_f1_macro=0.8432 | lr=0.000919
2026-04-19 00:20:54 | Epoch 13/60 | train_loss=0.3425 | val_loss=0.3733 | val_f1_macro=0.8542 | lr=0.000905
2026-04-19 00:20:57 | Epoch 14/60 | train_loss=0.3849 | val_loss=0.3429 | val_f1_macro=0.8605 | lr=0.000889
2026-04-19 00:20:59 | Epoch 15/60 | train_loss=0.3988 | val_loss=0.3482 | val_f1_macro=0.8609 | lr=0.000872
2026-04-19 00:21:01 | Epoch 16/60 | train_loss=0.3545 | val_loss=0.3669 | val_f1_macro=0.8486 | lr=0.000854
2026-04-19 00:21:03 | Epoch 17/60 | train_loss=0.3339 | val_loss=0.3268 | val_f1_macro=0.8496 | lr=0.000835
2026-04-19 00:21:05 | Epoch 18/60 | train_loss=0.3548 | val_loss=0.3593 | val_f1_macro=0.8429 | lr=0.000815
2026-04-19 00:21:07 | Epoch 19/60 | train_loss=0.3408 | val_loss=0.3534 | val_f1_macro=0.8422 | lr=0.000794
2026-04-19 00:21:09 | Epoch 20/60 | train_loss=0.3656 | val_loss=0.3256 | val_f1_macro=0.8666 | lr=0.000772
2026-04-19 00:21:11 | Epoch 21/60 | train_loss=0.3347 | val_loss=0.3479 | val_f1_macro=0.8366 | lr=0.000750
2026-04-19 00:21:13 | Epoch 22/60 | train_loss=0.3515 | val_loss=0.3102 | val_f1_macro=0.8784 | lr=0.000727
2026-04-19 00:21:15 | Epoch 23/60 | train_loss=0.3593 | val_loss=0.3437 | val_f1_macro=0.8426 | lr=0.000703
2026-04-19 00:21:17 | Epoch 24/60 | train_loss=0.3461 | val_loss=0.3525 | val_f1_macro=0.8426 | lr=0.000679
2026-04-19 00:21:19 | Epoch 25/60 | train_loss=0.3451 | val_loss=0.3395 | val_f1_macro=0.8486 | lr=0.000655
2026-04-19 00:21:24 | Epoch 26/60 | train_loss=0.3124 | val_loss=0.3398 | val_f1_macro=0.8605 | lr=0.000629
2026-04-19 00:21:26 | Epoch 27/60 | train_loss=0.3228 | val_loss=0.3288 | val_f1_macro=0.8664 | lr=0.000604
2026-04-19 00:21:28 | Epoch 28/60 | train_loss=0.3453 | val_loss=0.3313 | val_f1_macro=0.8728 | lr=0.000578
2026-04-19 00:21:30 | Epoch 29/60 | train_loss=0.3385 | val_loss=0.4122 | val_f1_macro=0.8240 | lr=0.000552
2026-04-19 00:21:33 | Epoch 30/60 | train_loss=0.3797 | val_loss=0.3335 | val_f1_macro=0.8780 | lr=0.000526
2026-04-19 00:21:35 | Epoch 31/60 | train_loss=0.3047 | val_loss=0.3339 | val_f1_macro=0.8552 | lr=0.000500
2026-04-19 00:21:37 | Epoch 32/60 | train_loss=0.3300 | val_loss=0.3302 | val_f1_macro=0.8609 | lr=0.000474
2026-04-19 00:21:39 | Epoch 33/60 | train_loss=0.3415 | val_loss=0.3105 | val_f1_macro=0.8612 | lr=0.000448
2026-04-19 00:21:41 | Epoch 34/60 | train_loss=0.3442 | val_loss=0.3532 | val_f1_macro=0.8664 | lr=0.000422
2026-04-19 00:21:41 | Early stopping at epoch 34 — best F1: 0.8784
2026-04-19 00:21:41 | Loading best model for final evaluation on test set...
2026-04-19 00:21:41 | ============================================================
2026-04-19 00:21:41 | EFFICIENTNET RESULTS
2026-04-19 00:21:41 | ============================================================
2026-04-19 00:21:41 | ROC-AUC:        0.9425
2026-04-19 00:21:41 | F1-macro:       0.8784
2026-04-19 00:21:41 | Disease recall: 0.8276
2026-04-19 00:21:41 | Accuracy:       0.8786
2026-04-19 00:21:41 | 
Classification report:
2026-04-19 00:21:41 | 
                               precision    recall  f1-score   support

diabetes_spolu_zo_suchym_okom       0.92      0.83      0.87        87
                  zdravi_ludi       0.84      0.93      0.88        86

                     accuracy                           0.88       173
                    macro avg       0.88      0.88      0.88       173
                 weighted avg       0.88      0.88      0.88       173

2026-04-19 00:21:41 | ============================================================
2026-04-19 00:21:41 | COMPARISON — RF baseline vs EfficientNet
2026-04-19 00:21:41 | ============================================================
2026-04-19 00:21:41 | Metric                        RF baseline    EfficientNet
2026-04-19 00:21:41 | ROC-AUC                            0.8548          0.9425
2026-04-19 00:21:41 | F1-macro                           0.6867          0.8784
2026-04-19 00:21:41 | Disease recall                     0.4598          0.8276
2026-04-19 00:21:41 | Log saved to: results/efficientnet_run.log
