2026-04-19 04:35:27 | Starting EfficientNet Focal Retraining for pair: suche_oko
2026-04-19 04:35:28 | Loading finetuned checkpoint from results/suche_oko/efficientnet_finetuned_suche_oko.pth...
2026-04-19 04:35:28 | Focal retrain trainable params: 3,158,302
2026-04-19 04:35:29 | Epoch 01/20 | train_loss=0.0631 | val_loss=0.0084 | val_f1_macro=1.0000 | backbone_lr=5.00e-06 | head_lr=5.00e-05
2026-04-19 04:35:30 | Epoch 02/20 | train_loss=0.0463 | val_loss=0.0073 | val_f1_macro=1.0000 | backbone_lr=5.00e-06 | head_lr=5.00e-05
2026-04-19 04:35:31 | Epoch 03/20 | train_loss=0.0134 | val_loss=0.0079 | val_f1_macro=1.0000 | backbone_lr=5.00e-06 | head_lr=5.00e-05
2026-04-19 04:35:32 | Epoch 04/20 | train_loss=0.0143 | val_loss=0.0069 | val_f1_macro=1.0000 | backbone_lr=5.00e-06 | head_lr=5.00e-05
2026-04-19 04:35:33 | Epoch 05/20 | train_loss=0.0070 | val_loss=0.0060 | val_f1_macro=1.0000 | backbone_lr=5.00e-06 | head_lr=5.00e-05
2026-04-19 04:35:33 | Epoch 06/20 | train_loss=0.0261 | val_loss=0.0060 | val_f1_macro=1.0000 | backbone_lr=5.00e-06 | head_lr=5.00e-05
2026-04-19 04:35:34 | Epoch 07/20 | train_loss=0.0144 | val_loss=0.0056 | val_f1_macro=1.0000 | backbone_lr=5.00e-06 | head_lr=5.00e-05
2026-04-19 04:35:35 | Epoch 08/20 | train_loss=0.0144 | val_loss=0.0055 | val_f1_macro=1.0000 | backbone_lr=5.00e-06 | head_lr=5.00e-05
2026-04-19 04:35:36 | Epoch 09/20 | train_loss=0.0491 | val_loss=0.0059 | val_f1_macro=1.0000 | backbone_lr=5.00e-06 | head_lr=5.00e-05
2026-04-19 04:35:36 | Early stopping at epoch 9 — best F1: 1.0000
2026-04-19 04:35:36 | Loading best focal model for final evaluation on test set...
2026-04-19 04:35:36 | =================================================================
2026-04-19 04:35:36 | FOCAL RETRAINING EVALUATION
2026-04-19 04:35:36 | =================================================================
2026-04-19 04:35:36 | ROC-AUC:           1.0000
2026-04-19 04:35:36 | F1-macro:          1.0000
2026-04-19 04:35:36 | Disease recall:    1.0000
2026-04-19 04:35:36 | Disease precision: 1.0000
2026-04-19 04:35:36 | False negatives:   0
2026-04-19 04:35:36 | 
Classification report:
2026-04-19 04:35:36 | 
                 precision    recall  f1-score   support

super_proccesed       1.00      1.00      1.00        20
 96_zdrave_ludi       1.00      1.00      1.00        19

       accuracy                           1.00        39
      macro avg       1.00      1.00      1.00        39
   weighted avg       1.00      1.00      1.00        39

2026-04-19 04:35:36 | Focal model successfully trained and saved to results/suche_oko/efficientnet_focal_suche_oko.pth
2026-04-19 04:35:36 | Log saved to: results/suche_oko/efficientnet_focal_suche_oko.log
