2026-04-19 07:56:47 | Starting fn_ensemble pipeline for pair: suche_oko
2026-04-19 07:56:47 | Label: Suche Oko
2026-04-19 07:56:47 |   disease_train: 74 images → dataset/suche_oko/learning/super_proccesed
2026-04-19 07:56:47 |   disease_test: 22 images → dataset/suche_oko/test/super_proccesed
2026-04-19 07:56:47 |   healthy_train: 74 images → dataset/suche_oko/learning/96_zdrave_ludi/96_ludi
2026-04-19 07:56:47 |   healthy_test: 22 images → dataset/suche_oko/test/96_zdrave_ludi/96_ludi
2026-04-19 07:56:47 | Train — disease: 74, healthy: 74, total: 148
2026-04-19 07:56:47 | Test — disease: 22, healthy: 22, total: 44
2026-04-19 07:56:47 | Loading Model A: results/suche_oko/efficientnet_finetuned_suche_oko.pth
2026-04-19 07:56:47 | Loading Model B: results/suche_oko/efficientnet_focal_suche_oko.pth
2026-04-19 07:57:17 | === Ensemble Variant 1: Simple Average ===
2026-04-19 07:57:17 | Point A (Maximize Recall):
2026-04-19 07:57:17 |   Threshold:         0.20
2026-04-19 07:57:17 |   Disease recall:    1.0000
2026-04-19 07:57:17 |   Disease precision: 0.9565
2026-04-19 07:57:17 |   False negatives:   0
2026-04-19 07:57:17 |   False positives:   1
2026-04-19 07:57:17 |   F1-macro:          0.9773
2026-04-19 07:57:17 | Point B (Recall >= 0.95 best precision):
2026-04-19 07:57:17 |   Threshold:         0.21
2026-04-19 07:57:17 |   Disease recall:    1.0000
2026-04-19 07:57:17 |   Disease precision: 1.0000
2026-04-19 07:57:17 |   False negatives:   0
2026-04-19 07:57:17 |   False positives:   0
2026-04-19 07:57:17 |   F1-macro:          1.0000
2026-04-19 07:57:17 | Point C (Maximize F1-macro):
2026-04-19 07:57:17 |   Threshold:         0.21
2026-04-19 07:57:17 |   Disease recall:    1.0000
2026-04-19 07:57:17 |   Disease precision: 1.0000
2026-04-19 07:57:17 |   False negatives:   0
2026-04-19 07:57:17 |   False positives:   0
2026-04-19 07:57:17 |   F1-macro:          1.0000
2026-04-19 07:57:17 | === Ensemble Variant 2: Weighted Average (0.4A+0.6B) ===
2026-04-19 07:57:17 | Point A (Maximize Recall):
2026-04-19 07:57:17 |   Threshold:         0.20
2026-04-19 07:57:17 |   Disease recall:    1.0000
2026-04-19 07:57:17 |   Disease precision: 0.9565
2026-04-19 07:57:17 |   False negatives:   0
2026-04-19 07:57:17 |   False positives:   1
2026-04-19 07:57:17 |   F1-macro:          0.9773
2026-04-19 07:57:17 | Point B (Recall >= 0.95 best precision):
2026-04-19 07:57:17 |   Threshold:         0.21
2026-04-19 07:57:17 |   Disease recall:    1.0000
2026-04-19 07:57:17 |   Disease precision: 1.0000
2026-04-19 07:57:17 |   False negatives:   0
2026-04-19 07:57:17 |   False positives:   0
2026-04-19 07:57:17 |   F1-macro:          1.0000
2026-04-19 07:57:17 | Point C (Maximize F1-macro):
2026-04-19 07:57:17 |   Threshold:         0.21
2026-04-19 07:57:17 |   Disease recall:    1.0000
2026-04-19 07:57:17 |   Disease precision: 1.0000
2026-04-19 07:57:17 |   False negatives:   0
2026-04-19 07:57:17 |   False positives:   0
2026-04-19 07:57:17 |   F1-macro:          1.0000
2026-04-19 07:57:17 | === Ensemble Variant 3: Max Probability ===
2026-04-19 07:57:17 | Point A (Maximize Recall):
2026-04-19 07:57:17 |   Threshold:         0.20
2026-04-19 07:57:17 |   Disease recall:    1.0000
2026-04-19 07:57:17 |   Disease precision: 0.9167
2026-04-19 07:57:17 |   False negatives:   0
2026-04-19 07:57:17 |   False positives:   2
2026-04-19 07:57:17 |   F1-macro:          0.9545
2026-04-19 07:57:17 | Point B (Recall >= 0.95 best precision):
2026-04-19 07:57:17 |   Threshold:         0.22
2026-04-19 07:57:17 |   Disease recall:    1.0000
2026-04-19 07:57:17 |   Disease precision: 1.0000
2026-04-19 07:57:17 |   False negatives:   0
2026-04-19 07:57:17 |   False positives:   0
2026-04-19 07:57:17 |   F1-macro:          1.0000
2026-04-19 07:57:17 | Point C (Maximize F1-macro):
2026-04-19 07:57:17 |   Threshold:         0.22
2026-04-19 07:57:17 |   Disease recall:    1.0000
2026-04-19 07:57:17 |   Disease precision: 1.0000
2026-04-19 07:57:17 |   False negatives:   0
2026-04-19 07:57:17 |   False positives:   0
2026-04-19 07:57:17 |   F1-macro:          1.0000
2026-04-19 07:57:17 | ================================================================================
2026-04-19 07:57:17 | ENSEMBLE COMPARISON — target: FN=0, minimize FP
2026-04-19 07:57:17 | ================================================================================
2026-04-19 07:57:17 | Strategy                                 t   Recall     Prec    FN    FP       F1
2026-04-19 07:57:17 | V1 (Avg) Point A                      0.20    1.000    0.957     0     1    0.977
2026-04-19 07:57:17 | V1 (Avg) Point B                      0.21    1.000    1.000     0     0    1.000
2026-04-19 07:57:17 | V1 (Avg) Point C                      0.21    1.000    1.000     0     0    1.000
2026-04-19 07:57:17 | V2 (Weighted) Point A                 0.20    1.000    0.957     0     1    0.977
2026-04-19 07:57:17 | V2 (Weighted) Point B                 0.21    1.000    1.000     0     0    1.000
2026-04-19 07:57:17 | V2 (Weighted) Point C                 0.21    1.000    1.000     0     0    1.000
2026-04-19 07:57:17 | V3 (Max) Point A                      0.20    1.000    0.917     0     2    0.954
2026-04-19 07:57:17 | V3 (Max) Point B                      0.22    1.000    1.000     0     0    1.000
2026-04-19 07:57:17 | V3 (Max) Point C                      0.22    1.000    1.000     0     0    1.000
