2026-04-19 04:34:56 | Starting EfficientNet Frozen Training for pair: suche_oko
2026-04-19 04:34:56 | Disease class: super_proccesed
2026-04-19 04:34:56 | Healthy class: 96_zdrave_ludi
2026-04-19 04:34:56 | Total images found: 192
2026-04-19 04:34:56 | Class 0 (super_proccesed): 96
2026-04-19 04:34:56 | Class 1 (96_zdrave_ludi): 96
2026-04-19 04:34:56 | Training samples: 153
2026-04-19 04:34:56 | Test samples: 39
2026-04-19 04:34:56 | Device: cuda
2026-04-19 04:34:56 | Trainable params: 2,562
2026-04-19 04:34:57 | Epoch 01/60 | train_loss=0.5438 | val_loss=0.5306 | val_f1_macro=0.8410 | lr=1.00e-03
2026-04-19 04:34:58 | Epoch 02/60 | train_loss=0.3009 | val_loss=0.4234 | val_f1_macro=0.9484 | lr=9.99e-04
2026-04-19 04:34:59 | Epoch 03/60 | train_loss=0.2403 | val_loss=0.3665 | val_f1_macro=0.9484 | lr=9.97e-04
2026-04-19 04:35:00 | Epoch 04/60 | train_loss=0.1794 | val_loss=0.2877 | val_f1_macro=0.9743 | lr=9.94e-04
2026-04-19 04:35:01 | Epoch 05/60 | train_loss=0.1754 | val_loss=0.2410 | val_f1_macro=0.9743 | lr=9.89e-04
2026-04-19 04:35:01 | Epoch 06/60 | train_loss=0.2077 | val_loss=0.2020 | val_f1_macro=0.9743 | lr=9.83e-04
2026-04-19 04:35:02 | Epoch 07/60 | train_loss=0.2180 | val_loss=0.1686 | val_f1_macro=0.9743 | lr=9.76e-04
2026-04-19 04:35:03 | Epoch 08/60 | train_loss=0.1403 | val_loss=0.1509 | val_f1_macro=1.0000 | lr=9.67e-04
2026-04-19 04:35:04 | Epoch 09/60 | train_loss=0.1794 | val_loss=0.1419 | val_f1_macro=1.0000 | lr=9.57e-04
2026-04-19 04:35:04 | Epoch 10/60 | train_loss=0.1295 | val_loss=0.1270 | val_f1_macro=1.0000 | lr=9.46e-04
2026-04-19 04:35:05 | Epoch 11/60 | train_loss=0.1032 | val_loss=0.1193 | val_f1_macro=1.0000 | lr=9.33e-04
2026-04-19 04:35:06 | Epoch 12/60 | train_loss=0.0980 | val_loss=0.1148 | val_f1_macro=1.0000 | lr=9.19e-04
2026-04-19 04:35:07 | Epoch 13/60 | train_loss=0.1262 | val_loss=0.1097 | val_f1_macro=1.0000 | lr=9.05e-04
2026-04-19 04:35:07 | Epoch 14/60 | train_loss=0.1234 | val_loss=0.1081 | val_f1_macro=1.0000 | lr=8.89e-04
2026-04-19 04:35:08 | Epoch 15/60 | train_loss=0.1097 | val_loss=0.1085 | val_f1_macro=1.0000 | lr=8.72e-04
2026-04-19 04:35:09 | Epoch 16/60 | train_loss=0.1024 | val_loss=0.0948 | val_f1_macro=1.0000 | lr=8.54e-04
2026-04-19 04:35:10 | Epoch 17/60 | train_loss=0.1227 | val_loss=0.0970 | val_f1_macro=1.0000 | lr=8.35e-04
2026-04-19 04:35:10 | Epoch 18/60 | train_loss=0.0802 | val_loss=0.0935 | val_f1_macro=1.0000 | lr=8.15e-04
2026-04-19 04:35:11 | Epoch 19/60 | train_loss=0.1340 | val_loss=0.0915 | val_f1_macro=1.0000 | lr=7.94e-04
2026-04-19 04:35:12 | Epoch 20/60 | train_loss=0.1639 | val_loss=0.0975 | val_f1_macro=1.0000 | lr=7.72e-04
2026-04-19 04:35:12 | Early stopping at epoch 20 — best F1: 1.0000
2026-04-19 04:35:12 | Finished. Best model saved to: results/suche_oko/efficientnet_frozen_suche_oko.pth
