2026-04-19 08:32:10 | Starting fn_ensemble v2 pipeline for pair: chory
2026-04-19 08:32:10 | Label: Vsetky Choroby vs Zdravi
2026-04-19 08:32:10 | Backbone: b2
2026-04-19 08:32:10 |   disease_train: 440 images → dataset/chory/learning/chore
2026-04-19 08:32:10 |   disease_test: 112 images → dataset/chory/test/chore
2026-04-19 08:32:10 |   healthy_train: 440 images → dataset/chory/learning/zdravi_ludi/super_proccesed
2026-04-19 08:32:10 |   healthy_test: 112 images → dataset/chory/test/zdravi_ludi/super_proccesed
2026-04-19 08:32:10 | Train — disease: 440, healthy: 440, total: 880
2026-04-19 08:32:10 | Test — disease: 112, healthy: 112, total: 224
2026-04-19 08:32:10 | Loading Model A (seed=42): results/chory/efficientnet_v2_b2_chory.pth
2026-04-19 08:32:10 | Loading Model B (seed=123): results/chory/efficientnet_v2_b2_s123_chory.pth
2026-04-19 08:32:11 | Loading Old Model (finetune B0): results/chory/efficientnet_finetuned_chory.pth
2026-04-19 08:32:11 | Ensemble models: ['v2_A', 'v2_B', 'old_FT']
2026-04-19 08:39:03 | === Ensemble Variant 1: Single Model A + TTA ===
2026-04-19 08:39:03 | Point A (Maximize Recall):
2026-04-19 08:39:03 |   Threshold:         0.20
2026-04-19 08:39:03 |   Disease recall:    1.0000
2026-04-19 08:39:03 |   Disease precision: 0.5411
2026-04-19 08:39:03 |   False negatives:   0
2026-04-19 08:39:03 |   False positives:   95
2026-04-19 08:39:03 |   F1-macro:          0.4829
2026-04-19 08:39:03 | Point B (Recall >= 0.95 best precision):
2026-04-19 08:39:03 |   Threshold:         0.54
2026-04-19 08:39:03 |   Disease recall:    0.9643
2026-04-19 08:39:03 |   Disease precision: 1.0000
2026-04-19 08:39:03 |   False negatives:   4
2026-04-19 08:39:03 |   False positives:   0
2026-04-19 08:39:03 |   F1-macro:          0.9821
2026-04-19 08:39:03 | Point C (Maximize F1-macro):
2026-04-19 08:39:03 |   Threshold:         0.54
2026-04-19 08:39:03 |   Disease recall:    0.9643
2026-04-19 08:39:03 |   Disease precision: 1.0000
2026-04-19 08:39:03 |   False negatives:   4
2026-04-19 08:39:03 |   False positives:   0
2026-04-19 08:39:03 |   F1-macro:          0.9821
2026-04-19 08:39:03 | === Ensemble Variant 2: Avg(v2_A + v2_B) ===
2026-04-19 08:39:03 | Point A (Maximize Recall):
2026-04-19 08:39:03 |   Threshold:         0.20
2026-04-19 08:39:03 |   Disease recall:    1.0000
2026-04-19 08:39:03 |   Disease precision: 0.5333
2026-04-19 08:39:03 |   False negatives:   0
2026-04-19 08:39:03 |   False positives:   98
2026-04-19 08:39:03 |   F1-macro:          0.4589
2026-04-19 08:39:03 | Point B (Recall >= 0.95 best precision):
2026-04-19 08:39:03 |   Threshold:         0.59
2026-04-19 08:39:03 |   Disease recall:    0.9643
2026-04-19 08:39:03 |   Disease precision: 1.0000
2026-04-19 08:39:03 |   False negatives:   4
2026-04-19 08:39:03 |   False positives:   0
2026-04-19 08:39:03 |   F1-macro:          0.9821
2026-04-19 08:39:03 | Point C (Maximize F1-macro):
2026-04-19 08:39:03 |   Threshold:         0.59
2026-04-19 08:39:03 |   Disease recall:    0.9643
2026-04-19 08:39:03 |   Disease precision: 1.0000
2026-04-19 08:39:03 |   False negatives:   4
2026-04-19 08:39:03 |   False positives:   0
2026-04-19 08:39:03 |   F1-macro:          0.9821
2026-04-19 08:39:03 | === Ensemble Variant 3: Avg(v2_A + old_FT) ===
2026-04-19 08:39:03 | Point A (Maximize Recall):
2026-04-19 08:39:03 |   Threshold:         0.20
2026-04-19 08:39:03 |   Disease recall:    1.0000
2026-04-19 08:39:03 |   Disease precision: 0.5926
2026-04-19 08:39:03 |   False negatives:   0
2026-04-19 08:39:03 |   False positives:   77
2026-04-19 08:39:03 |   F1-macro:          0.6102
2026-04-19 08:39:03 | Point B (Recall >= 0.95 best precision):
2026-04-19 08:39:03 |   Threshold:         0.51
2026-04-19 08:39:03 |   Disease recall:    0.9643
2026-04-19 08:39:03 |   Disease precision: 1.0000
2026-04-19 08:39:03 |   False negatives:   4
2026-04-19 08:39:03 |   False positives:   0
2026-04-19 08:39:03 |   F1-macro:          0.9821
2026-04-19 08:39:03 | Point C (Maximize F1-macro):
2026-04-19 08:39:03 |   Threshold:         0.51
2026-04-19 08:39:03 |   Disease recall:    0.9643
2026-04-19 08:39:03 |   Disease precision: 1.0000
2026-04-19 08:39:03 |   False negatives:   4
2026-04-19 08:39:03 |   False positives:   0
2026-04-19 08:39:03 |   F1-macro:          0.9821
2026-04-19 08:39:03 | ================================================================================
2026-04-19 08:39:03 | ENSEMBLE COMPARISON — target: FN=0, minimize FP
2026-04-19 08:39:03 | ================================================================================
2026-04-19 08:39:03 | Strategy                                 t   Recall     Prec    FN    FP       F1
2026-04-19 08:39:03 | V1 (Single+TTA) Point A               0.20    1.000    0.541     0    95    0.483
2026-04-19 08:39:03 | V1 (Single+TTA) Point B               0.54    0.964    1.000     4     0    0.982
2026-04-19 08:39:03 | V1 (Single+TTA) Point C               0.54    0.964    1.000     4     0    0.982
2026-04-19 08:39:03 | V2 (A+B Avg) Point A                  0.20    1.000    0.533     0    98    0.459
2026-04-19 08:39:03 | V2 (A+B Avg) Point B                  0.59    0.964    1.000     4     0    0.982
2026-04-19 08:39:03 | V2 (A+B Avg) Point C                  0.59    0.964    1.000     4     0    0.982
2026-04-19 08:39:03 | V3 (v2+old) Point A                   0.20    1.000    0.593     0    77    0.610
2026-04-19 08:39:03 | V3 (v2+old) Point B                   0.51    0.964    1.000     4     0    0.982
2026-04-19 08:39:03 | V3 (v2+old) Point C                   0.51    0.964    1.000     4     0    0.982
