2026-04-19 07:40:28 | Starting fn_ensemble pipeline for pair: chory
2026-04-19 07:40:28 | Label: Vsetky Choroby vs Zdravi
2026-04-19 07:40:28 |   disease_train: 440 images → dataset/chory/learning/chore
2026-04-19 07:40:28 |   disease_test: 112 images → dataset/chory/test/chore
2026-04-19 07:40:28 |   healthy_train: 440 images → dataset/chory/learning/zdravi_ludi/super_proccesed
2026-04-19 07:40:28 |   healthy_test: 112 images → dataset/chory/test/zdravi_ludi/super_proccesed
2026-04-19 07:40:28 | Train — disease: 440, healthy: 440, total: 880
2026-04-19 07:40:28 | Test — disease: 112, healthy: 112, total: 224
2026-04-19 07:40:28 | Loading Model A: results/chory/efficientnet_finetuned_chory.pth
2026-04-19 07:40:29 | Loading Model B: results/chory/efficientnet_focal_chory.pth
2026-04-19 07:43:03 | === Ensemble Variant 1: Simple Average ===
2026-04-19 07:43:03 | Point A (Maximize Recall):
2026-04-19 07:43:03 |   Threshold:         0.20
2026-04-19 07:43:03 |   Disease recall:    1.0000
2026-04-19 07:43:03 |   Disease precision: 0.7273
2026-04-19 07:43:03 |   False negatives:   0
2026-04-19 07:43:03 |   False positives:   42
2026-04-19 07:43:03 |   F1-macro:          0.8057
2026-04-19 07:43:03 | Point B (Recall >= 0.95 best precision):
2026-04-19 07:43:03 |   Threshold:         0.49
2026-04-19 07:43:03 |   Disease recall:    0.9821
2026-04-19 07:43:03 |   Disease precision: 1.0000
2026-04-19 07:43:03 |   False negatives:   2
2026-04-19 07:43:03 |   False positives:   0
2026-04-19 07:43:03 |   F1-macro:          0.9911
2026-04-19 07:43:03 | Point C (Maximize F1-macro):
2026-04-19 07:43:03 |   Threshold:         0.48
2026-04-19 07:43:03 |   Disease recall:    0.9911
2026-04-19 07:43:03 |   Disease precision: 0.9911
2026-04-19 07:43:03 |   False negatives:   1
2026-04-19 07:43:03 |   False positives:   1
2026-04-19 07:43:03 |   F1-macro:          0.9911
2026-04-19 07:43:03 | === Ensemble Variant 2: Weighted Average (0.4A+0.6B) ===
2026-04-19 07:43:03 | Point A (Maximize Recall):
2026-04-19 07:43:03 |   Threshold:         0.20
2026-04-19 07:43:03 |   Disease recall:    1.0000
2026-04-19 07:43:03 |   Disease precision: 0.7000
2026-04-19 07:43:03 |   False negatives:   0
2026-04-19 07:43:03 |   False positives:   48
2026-04-19 07:43:03 |   F1-macro:          0.7754
2026-04-19 07:43:03 | Point B (Recall >= 0.95 best precision):
2026-04-19 07:43:03 |   Threshold:         0.50
2026-04-19 07:43:03 |   Disease recall:    0.9821
2026-04-19 07:43:03 |   Disease precision: 1.0000
2026-04-19 07:43:03 |   False negatives:   2
2026-04-19 07:43:03 |   False positives:   0
2026-04-19 07:43:03 |   F1-macro:          0.9911
2026-04-19 07:43:03 | Point C (Maximize F1-macro):
2026-04-19 07:43:03 |   Threshold:         0.50
2026-04-19 07:43:03 |   Disease recall:    0.9821
2026-04-19 07:43:03 |   Disease precision: 1.0000
2026-04-19 07:43:03 |   False negatives:   2
2026-04-19 07:43:03 |   False positives:   0
2026-04-19 07:43:03 |   F1-macro:          0.9911
2026-04-19 07:43:03 | === Ensemble Variant 3: Max Probability ===
2026-04-19 07:43:03 | Point A (Maximize Recall):
2026-04-19 07:43:03 |   Threshold:         0.20
2026-04-19 07:43:03 |   Disease recall:    1.0000
2026-04-19 07:43:03 |   Disease precision: 0.6588
2026-04-19 07:43:03 |   False negatives:   0
2026-04-19 07:43:03 |   False positives:   58
2026-04-19 07:43:03 |   F1-macro:          0.7225
2026-04-19 07:43:03 | Point B (Recall >= 0.95 best precision):
2026-04-19 07:43:03 |   Threshold:         0.56
2026-04-19 07:43:03 |   Disease recall:    0.9821
2026-04-19 07:43:03 |   Disease precision: 1.0000
2026-04-19 07:43:03 |   False negatives:   2
2026-04-19 07:43:03 |   False positives:   0
2026-04-19 07:43:03 |   F1-macro:          0.9911
2026-04-19 07:43:03 | Point C (Maximize F1-macro):
2026-04-19 07:43:03 |   Threshold:         0.56
2026-04-19 07:43:03 |   Disease recall:    0.9821
2026-04-19 07:43:03 |   Disease precision: 1.0000
2026-04-19 07:43:03 |   False negatives:   2
2026-04-19 07:43:03 |   False positives:   0
2026-04-19 07:43:03 |   F1-macro:          0.9911
2026-04-19 07:43:04 | ================================================================================
2026-04-19 07:43:04 | ENSEMBLE COMPARISON — target: FN=0, minimize FP
2026-04-19 07:43:04 | ================================================================================
2026-04-19 07:43:04 | Strategy                                 t   Recall     Prec    FN    FP       F1
2026-04-19 07:43:04 | V1 (Avg) Point A                      0.20    1.000    0.727     0    42    0.806
2026-04-19 07:43:04 | V1 (Avg) Point B                      0.49    0.982    1.000     2     0    0.991
2026-04-19 07:43:04 | V1 (Avg) Point C                      0.48    0.991    0.991     1     1    0.991
2026-04-19 07:43:04 | V2 (Weighted) Point A                 0.20    1.000    0.700     0    48    0.775
2026-04-19 07:43:04 | V2 (Weighted) Point B                 0.50    0.982    1.000     2     0    0.991
2026-04-19 07:43:04 | V2 (Weighted) Point C                 0.50    0.982    1.000     2     0    0.991
2026-04-19 07:43:04 | V3 (Max) Point A                      0.20    1.000    0.659     0    58    0.722
2026-04-19 07:43:04 | V3 (Max) Point B                      0.56    0.982    1.000     2     0    0.991
2026-04-19 07:43:04 | V3 (Max) Point C                      0.56    0.982    1.000     2     0    0.991
