2026-04-19 08:39:07 | Starting EfficientNet v2 Training for pair: diabetes
2026-04-19 08:39:07 | Label: Diabetes + Suche Oko
2026-04-19 08:39:07 | Backbone: b2 | Seed: 42
2026-04-19 08:39:07 | Device: cuda
2026-04-19 08:39:07 |   disease_train: 352 images → dataset/diabetes/learning/diabetes
2026-04-19 08:39:07 |   disease_test: 80 images → dataset/diabetes/test/diabetes
2026-04-19 08:39:07 |   healthy_train: 352 images → dataset/diabetes/learning/zdravi_ludi/super_proccesed
2026-04-19 08:39:07 |   healthy_test: 80 images → dataset/diabetes/test/zdravi_ludi/super_proccesed
2026-04-19 08:39:07 | Train — disease: 352, healthy: 352, total: 704
2026-04-19 08:39:07 | Test — disease: 80, healthy: 80, total: 160
2026-04-19 08:39:07 | Class weights (disease-boosted): [1.5 1. ]
2026-04-19 08:39:07 | =================================================================
2026-04-19 08:39:07 | PHASE 1: Frozen backbone — classifier head warm-up
2026-04-19 08:39:07 | =================================================================
2026-04-19 08:39:07 | Phase 1 trainable params: 2,818
2026-04-19 08:39:13 | P1 Epoch 01/15 | train_loss=0.5686 | val_loss=0.4735 | val_f1=0.8872 | lr=1.00e-03
2026-04-19 08:39:18 | P1 Epoch 02/15 | train_loss=0.4791 | val_loss=0.4969 | val_f1=0.7841 | lr=9.89e-04
2026-04-19 08:39:23 | P1 Epoch 03/15 | train_loss=0.4458 | val_loss=0.4632 | val_f1=0.8106 | lr=9.57e-04
2026-04-19 08:39:28 | P1 Epoch 04/15 | train_loss=0.4271 | val_loss=0.4710 | val_f1=0.7968 | lr=9.05e-04
2026-04-19 08:39:34 | P1 Epoch 05/15 | train_loss=0.4349 | val_loss=0.4617 | val_f1=0.8050 | lr=8.35e-04
2026-04-19 08:39:40 | P1 Epoch 06/15 | train_loss=0.3925 | val_loss=0.4453 | val_f1=0.8175 | lr=7.50e-04
2026-04-19 08:39:45 | P1 Epoch 07/15 | train_loss=0.4121 | val_loss=0.4408 | val_f1=0.8061 | lr=6.55e-04
2026-04-19 08:39:51 | P1 Epoch 08/15 | train_loss=0.4017 | val_loss=0.4389 | val_f1=0.8186 | lr=5.52e-04
2026-04-19 08:39:56 | P1 Epoch 09/15 | train_loss=0.3994 | val_loss=0.4567 | val_f1=0.8120 | lr=4.48e-04
2026-04-19 08:39:56 | Phase 1 early stop at epoch 9 — best F1: 0.8872
2026-04-19 08:39:56 | Phase 1 complete — best F1: 0.8872
2026-04-19 08:39:56 | =================================================================
2026-04-19 08:39:56 | PHASE 2: Deep fine-tune with Focal Loss + Mixup
2026-04-19 08:39:56 | =================================================================
2026-04-19 08:39:56 | Phase 2 trainable params: 7,570,266
2026-04-19 08:40:01 | P2 Epoch 01/60 | train_loss=0.1605 | val_loss=0.0881 | val_f1=0.8498 | bb_lr=5.00e-06 | head_lr=5.00e-05
2026-04-19 08:40:07 | P2 Epoch 02/60 | train_loss=0.1288 | val_loss=0.0905 | val_f1=0.8362 | bb_lr=4.88e-06 | head_lr=4.88e-05
2026-04-19 08:40:13 | P2 Epoch 03/60 | train_loss=0.1382 | val_loss=0.1010 | val_f1=0.8061 | bb_lr=4.52e-06 | head_lr=4.52e-05
2026-04-19 08:40:19 | P2 Epoch 04/60 | train_loss=0.1194 | val_loss=0.0917 | val_f1=0.8040 | bb_lr=3.97e-06 | head_lr=3.97e-05
2026-04-19 08:40:24 | P2 Epoch 05/60 | train_loss=0.1168 | val_loss=0.0946 | val_f1=0.8095 | bb_lr=3.27e-06 | head_lr=3.27e-05
2026-04-19 08:40:30 | P2 Epoch 06/60 | train_loss=0.1055 | val_loss=0.0970 | val_f1=0.7937 | bb_lr=2.50e-06 | head_lr=2.50e-05
2026-04-19 08:40:35 | P2 Epoch 07/60 | train_loss=0.1203 | val_loss=0.0943 | val_f1=0.8095 | bb_lr=1.73e-06 | head_lr=1.73e-05
2026-04-19 08:40:41 | P2 Epoch 08/60 | train_loss=0.1002 | val_loss=0.0953 | val_f1=0.8149 | bb_lr=1.03e-06 | head_lr=1.03e-05
2026-04-19 08:40:47 | P2 Epoch 09/60 | train_loss=0.1129 | val_loss=0.1010 | val_f1=0.8029 | bb_lr=4.77e-07 | head_lr=4.77e-06
2026-04-19 08:40:53 | P2 Epoch 10/60 | train_loss=0.1024 | val_loss=0.0966 | val_f1=0.8293 | bb_lr=1.22e-07 | head_lr=1.22e-06
2026-04-19 08:40:58 | P2 Epoch 11/60 | train_loss=0.1114 | val_loss=0.1028 | val_f1=0.7738 | bb_lr=5.00e-06 | head_lr=5.00e-05
2026-04-19 08:41:03 | P2 Epoch 12/60 | train_loss=0.1085 | val_loss=0.1020 | val_f1=0.7766 | bb_lr=4.97e-06 | head_lr=4.97e-05
2026-04-19 08:41:09 | P2 Epoch 13/60 | train_loss=0.1040 | val_loss=0.0982 | val_f1=0.8074 | bb_lr=4.88e-06 | head_lr=4.88e-05
2026-04-19 08:41:14 | P2 Epoch 14/60 | train_loss=0.1205 | val_loss=0.0917 | val_f1=0.8210 | bb_lr=4.73e-06 | head_lr=4.73e-05
2026-04-19 08:41:21 | P2 Epoch 15/60 | train_loss=0.1048 | val_loss=0.0987 | val_f1=0.7808 | bb_lr=4.52e-06 | head_lr=4.52e-05
2026-04-19 08:41:26 | P2 Epoch 16/60 | train_loss=0.1005 | val_loss=0.0951 | val_f1=0.7727 | bb_lr=4.27e-06 | head_lr=4.27e-05
2026-04-19 08:41:26 | Phase 2 early stop at epoch 16 — best F1: 0.8498
2026-04-19 08:41:26 | Loading best Phase 2 model for final evaluation...
2026-04-19 08:41:27 | =================================================================
2026-04-19 08:41:27 | FINAL EVALUATION
2026-04-19 08:41:27 | =================================================================
2026-04-19 08:41:27 | ROC-AUC:           0.9217
2026-04-19 08:41:27 | F1-macro:          0.8498
2026-04-19 08:41:27 | Disease recall:    0.8875
2026-04-19 08:41:27 | Disease precision: 0.8256
2026-04-19 08:41:27 | False negatives:   9
2026-04-19 08:41:27 | False positives:   15
2026-04-19 08:41:27 | 
Classification report:
              precision    recall  f1-score   support

    Diabetes       0.83      0.89      0.86        80
      Zdravi       0.88      0.81      0.84        80

    accuracy                           0.85       160
   macro avg       0.85      0.85      0.85       160
weighted avg       0.85      0.85      0.85       160

2026-04-19 08:41:27 | Model saved to: results/diabetes/efficientnet_v2_b2_diabetes.pth
2026-04-19 08:41:27 | Log saved to: results/diabetes/training_v2_b2_diabetes.log
2026-04-19 08:41:27 | Confusion matrix: results/diabetes/v2_b2_confusion_matrix_diabetes.png
