2026-04-19 07:43:44 | Starting EfficientNet Fine-Tuning for pair: diabetes
2026-04-19 07:43:44 | Label: Diabetes + Suche Oko
2026-04-19 07:43:44 |   disease_train: 352 images → dataset/diabetes/learning/diabetes
2026-04-19 07:43:44 |   disease_test: 80 images → dataset/diabetes/test/diabetes
2026-04-19 07:43:44 |   healthy_train: 352 images → dataset/diabetes/learning/zdravi_ludi/super_proccesed
2026-04-19 07:43:44 |   healthy_test: 80 images → dataset/diabetes/test/zdravi_ludi/super_proccesed
2026-04-19 07:43:44 | Train — disease: 352, healthy: 352, total: 704
2026-04-19 07:43:44 | Test — disease: 80, healthy: 80, total: 160
2026-04-19 07:43:45 | Loading warm-up checkpoint from results/diabetes/efficientnet_frozen_diabetes.pth...
2026-04-19 07:43:45 | Fine-tune trainable params: 3,158,302
2026-04-19 07:43:47 | FT Epoch 01/40 | train_loss=0.3721 | val_loss=0.3773 | val_f1_macro=0.8750 | backbone_lr=1.00e-05 | head_lr=1.00e-04
2026-04-19 07:43:50 | FT Epoch 02/40 | train_loss=0.3346 | val_loss=0.3699 | val_f1_macro=0.8561 | backbone_lr=9.98e-06 | head_lr=9.98e-05
2026-04-19 07:43:52 | FT Epoch 03/40 | train_loss=0.3361 | val_loss=0.3659 | val_f1_macro=0.8750 | backbone_lr=9.94e-06 | head_lr=9.94e-05
2026-04-19 07:43:55 | FT Epoch 04/40 | train_loss=0.3431 | val_loss=0.3618 | val_f1_macro=0.8687 | backbone_lr=9.86e-06 | head_lr=9.86e-05
2026-04-19 07:43:58 | FT Epoch 05/40 | train_loss=0.3401 | val_loss=0.3573 | val_f1_macro=0.8750 | backbone_lr=9.76e-06 | head_lr=9.76e-05
2026-04-19 07:44:00 | FT Epoch 06/40 | train_loss=0.3548 | val_loss=0.3676 | val_f1_macro=0.8558 | backbone_lr=9.62e-06 | head_lr=9.62e-05
2026-04-19 07:44:02 | FT Epoch 07/40 | train_loss=0.3287 | val_loss=0.3704 | val_f1_macro=0.8620 | backbone_lr=9.46e-06 | head_lr=9.46e-05
2026-04-19 07:44:05 | FT Epoch 08/40 | train_loss=0.3219 | val_loss=0.3649 | val_f1_macro=0.8683 | backbone_lr=9.26e-06 | head_lr=9.26e-05
2026-04-19 07:44:07 | FT Epoch 09/40 | train_loss=0.3129 | val_loss=0.3610 | val_f1_macro=0.8542 | backbone_lr=9.05e-06 | head_lr=9.05e-05
2026-04-19 07:44:09 | FT Epoch 10/40 | train_loss=0.2988 | val_loss=0.3708 | val_f1_macro=0.8607 | backbone_lr=8.80e-06 | head_lr=8.80e-05
2026-04-19 07:44:11 | FT Epoch 11/40 | train_loss=0.3203 | val_loss=0.3589 | val_f1_macro=0.8745 | backbone_lr=8.54e-06 | head_lr=8.54e-05
2026-04-19 07:44:14 | FT Epoch 12/40 | train_loss=0.2948 | val_loss=0.3640 | val_f1_macro=0.8679 | backbone_lr=8.25e-06 | head_lr=8.25e-05
2026-04-19 07:44:16 | FT Epoch 13/40 | train_loss=0.2772 | val_loss=0.3770 | val_f1_macro=0.8410 | backbone_lr=7.94e-06 | head_lr=7.94e-05
2026-04-19 07:44:16 | Early stopping at FT epoch 13 — best F1: 0.8750
2026-04-19 07:44:16 | Loading best fine-tuned model for final evaluation on test set...
2026-04-19 07:44:16 | =================================================================
2026-04-19 07:44:16 | FINE-TUNING EVALUATION
2026-04-19 07:44:16 | =================================================================
2026-04-19 07:44:16 | ROC-AUC:           0.9236
2026-04-19 07:44:16 | F1-macro:          0.8750
2026-04-19 07:44:16 | Disease recall:    0.8750
2026-04-19 07:44:16 | Disease precision: 0.8750
2026-04-19 07:44:16 | False negatives:   10
2026-04-19 07:44:16 | 
Classification report:
2026-04-19 07:44:16 | 
              precision    recall  f1-score   support

    Diabetes       0.88      0.88      0.88        80
      Zdravi       0.88      0.88      0.88        80

    accuracy                           0.88       160
   macro avg       0.88      0.88      0.88       160
weighted avg       0.88      0.88      0.88       160

2026-04-19 07:44:17 | Log saved to: results/diabetes/training_finetune_diabetes.log
