2026-04-19 02:13:53 | Starting fn_reduction pipeline...
2026-04-19 02:13:54 | Loading finetuned checkpoint: results/efficientnet_finetuned.pth
2026-04-19 02:13:54 | Running Strategy 1 inference...
2026-04-19 02:13:55 | === Strategy 1 ===
2026-04-19 02:13:55 | Point A (Maximize Recall):
2026-04-19 02:13:55 |   Threshold:         0.20
2026-04-19 02:13:55 |   Disease recall:    0.9195
2026-04-19 02:13:55 |   Disease precision: 0.8333
2026-04-19 02:13:55 |   False negatives:   7
2026-04-19 02:13:55 |   False positives:   16
2026-04-19 02:13:55 |   F1-macro:          0.8666
2026-04-19 02:13:55 | Point B (Recall >= 0.95 best precision): None found.
2026-04-19 02:13:55 | Point C (Maximize F1-macro):
2026-04-19 02:13:55 |   Threshold:         0.49
2026-04-19 02:13:55 |   Disease recall:    0.8736
2026-04-19 02:13:55 |   Disease precision: 0.9744
2026-04-19 02:13:55 |   False negatives:   11
2026-04-19 02:13:55 |   False positives:   2
2026-04-19 02:13:55 |   F1-macro:          0.9247
2026-04-19 02:13:55 | Starting Strategy 3 (Focal Loss Retraining)...
2026-04-19 02:14:44 | Running Strategy 3 inference...
2026-04-19 02:14:45 | === Strategy 3 (Focal) ===
2026-04-19 02:14:45 | Point A (Maximize Recall):
2026-04-19 02:14:45 |   Threshold:         0.20
2026-04-19 02:14:45 |   Disease recall:    0.9655
2026-04-19 02:14:45 |   Disease precision: 0.7706
2026-04-19 02:14:45 |   False negatives:   3
2026-04-19 02:14:45 |   False positives:   25
2026-04-19 02:14:45 |   F1-macro:          0.8352
2026-04-19 02:14:45 | Point B (Recall >= 0.95 best precision):
2026-04-19 02:14:45 |   Threshold:         0.21
2026-04-19 02:14:45 |   Disease recall:    0.9540
2026-04-19 02:14:45 |   Disease precision: 0.7757
2026-04-19 02:14:45 |   False negatives:   4
2026-04-19 02:14:45 |   False positives:   24
2026-04-19 02:14:45 |   F1-macro:          0.8357
2026-04-19 02:14:45 | Point C (Maximize F1-macro):
2026-04-19 02:14:45 |   Threshold:         0.54
2026-04-19 02:14:45 |   Disease recall:    0.8851
2026-04-19 02:14:45 |   Disease precision: 0.9506
2026-04-19 02:14:45 |   False negatives:   10
2026-04-19 02:14:45 |   False positives:   4
2026-04-19 02:14:45 |   F1-macro:          0.9190
2026-04-19 02:14:45 | ===========================================================================
2026-04-19 02:14:45 | FALSE NEGATIVE REDUCTION — FINAL COMPARISON
2026-04-19 02:14:45 | ===========================================================================
2026-04-19 02:14:45 | Strategy                        Threshold   Recall  Precision    FN    FP
2026-04-19 02:14:45 | Baseline (t=0.50)                    0.50   0.8736     0.9744    11     2
2026-04-19 02:14:45 | S1 Point A (best recall)             0.20   0.9195     0.8333     7    16
2026-04-19 02:14:45 | S1 Point B (recall>=0.95)            0.00   0.0000     0.0000     0     0
2026-04-19 02:14:45 | S3 Focal Loss best                   0.50   0.8851     0.9390    10     5
