2026-04-19 04:25:58 | Starting EfficientNet Focal Retraining for pair: pgov
2026-04-19 04:25:59 | Loading finetuned checkpoint from results/pgov/efficientnet_finetuned_pgov.pth...
2026-04-19 04:25:59 | Focal retrain trainable params: 3,158,302
2026-04-19 04:26:02 | Epoch 01/20 | train_loss=0.0158 | val_loss=0.0106 | val_f1_macro=0.9864 | backbone_lr=5.00e-06 | head_lr=5.00e-05
2026-04-19 04:26:05 | Epoch 02/20 | train_loss=0.0146 | val_loss=0.0114 | val_f1_macro=0.9909 | backbone_lr=5.00e-06 | head_lr=5.00e-05
2026-04-19 04:26:08 | Epoch 03/20 | train_loss=0.0263 | val_loss=0.0048 | val_f1_macro=0.9955 | backbone_lr=5.00e-06 | head_lr=5.00e-05
2026-04-19 04:26:11 | Epoch 04/20 | train_loss=0.0104 | val_loss=0.0043 | val_f1_macro=0.9955 | backbone_lr=5.00e-06 | head_lr=5.00e-05
2026-04-19 04:26:14 | Epoch 05/20 | train_loss=0.0264 | val_loss=0.0040 | val_f1_macro=0.9955 | backbone_lr=5.00e-06 | head_lr=5.00e-05
2026-04-19 04:26:17 | Epoch 06/20 | train_loss=0.0189 | val_loss=0.0020 | val_f1_macro=0.9955 | backbone_lr=5.00e-06 | head_lr=5.00e-05
2026-04-19 04:26:20 | Epoch 07/20 | train_loss=0.0230 | val_loss=0.0059 | val_f1_macro=0.9955 | backbone_lr=5.00e-06 | head_lr=5.00e-05
2026-04-19 04:26:23 | Epoch 08/20 | train_loss=0.0262 | val_loss=0.0028 | val_f1_macro=0.9955 | backbone_lr=5.00e-06 | head_lr=5.00e-05
2026-04-19 04:26:26 | Epoch 09/20 | train_loss=0.0116 | val_loss=0.0060 | val_f1_macro=0.9955 | backbone_lr=5.00e-06 | head_lr=5.00e-05
2026-04-19 04:26:29 | Epoch 10/20 | train_loss=0.0197 | val_loss=0.0039 | val_f1_macro=0.9955 | backbone_lr=5.00e-06 | head_lr=5.00e-05
2026-04-19 04:26:32 | Epoch 11/20 | train_loss=0.0108 | val_loss=0.0110 | val_f1_macro=0.9864 | backbone_lr=5.00e-06 | head_lr=5.00e-05
2026-04-19 04:26:32 | Early stopping at epoch 11 — best F1: 0.9955
2026-04-19 04:26:32 | Loading best focal model for final evaluation on test set...
2026-04-19 04:26:32 | =================================================================
2026-04-19 04:26:32 | FOCAL RETRAINING EVALUATION
2026-04-19 04:26:32 | =================================================================
2026-04-19 04:26:32 | ROC-AUC:           0.9998
2026-04-19 04:26:32 | F1-macro:          0.9955
2026-04-19 04:26:32 | Disease recall:    1.0000
2026-04-19 04:26:32 | Disease precision: 0.9911
2026-04-19 04:26:32 | False negatives:   0
2026-04-19 04:26:32 | 
Classification report:
2026-04-19 04:26:32 | 
              precision    recall  f1-score   support

        pgov       0.99      1.00      1.00       111
 zdravi_ludi       1.00      0.99      1.00       110

    accuracy                           1.00       221
   macro avg       1.00      1.00      1.00       221
weighted avg       1.00      1.00      1.00       221

2026-04-19 04:26:32 | Focal model successfully trained and saved to results/pgov/efficientnet_focal_pgov.pth
2026-04-19 04:26:32 | Log saved to: results/pgov/efficientnet_focal_pgov.log
