2026-04-19 07:48:38 | Starting fn_ensemble pipeline for pair: pgov
2026-04-19 07:48:38 | Label: PGOV + Suche Oko
2026-04-19 07:48:38 |   disease_train: 440 images → dataset/pgov/learning/pgov
2026-04-19 07:48:38 |   disease_test: 112 images → dataset/pgov/test/pgov
2026-04-19 07:48:38 |   healthy_train: 440 images → dataset/pgov/learning/zdravi_ludi/super_proccesed
2026-04-19 07:48:38 |   healthy_test: 112 images → dataset/pgov/test/zdravi_ludi/super_proccesed
2026-04-19 07:48:38 | Train — disease: 440, healthy: 440, total: 880
2026-04-19 07:48:38 | Test — disease: 112, healthy: 112, total: 224
2026-04-19 07:48:39 | Loading Model A: results/pgov/efficientnet_finetuned_pgov.pth
2026-04-19 07:48:39 | Loading Model B: results/pgov/efficientnet_focal_pgov.pth
2026-04-19 07:51:11 | === Ensemble Variant 1: Simple Average ===
2026-04-19 07:51:11 | Point A (Maximize Recall):
2026-04-19 07:51:11 |   Threshold:         0.20
2026-04-19 07:51:11 |   Disease recall:    1.0000
2026-04-19 07:51:11 |   Disease precision: 1.0000
2026-04-19 07:51:11 |   False negatives:   0
2026-04-19 07:51:11 |   False positives:   0
2026-04-19 07:51:11 |   F1-macro:          1.0000
2026-04-19 07:51:11 | Point B (Recall >= 0.95 best precision):
2026-04-19 07:51:11 |   Threshold:         0.20
2026-04-19 07:51:11 |   Disease recall:    1.0000
2026-04-19 07:51:11 |   Disease precision: 1.0000
2026-04-19 07:51:11 |   False negatives:   0
2026-04-19 07:51:11 |   False positives:   0
2026-04-19 07:51:11 |   F1-macro:          1.0000
2026-04-19 07:51:11 | Point C (Maximize F1-macro):
2026-04-19 07:51:11 |   Threshold:         0.20
2026-04-19 07:51:11 |   Disease recall:    1.0000
2026-04-19 07:51:11 |   Disease precision: 1.0000
2026-04-19 07:51:11 |   False negatives:   0
2026-04-19 07:51:11 |   False positives:   0
2026-04-19 07:51:11 |   F1-macro:          1.0000
2026-04-19 07:51:11 | === Ensemble Variant 2: Weighted Average (0.4A+0.6B) ===
2026-04-19 07:51:11 | Point A (Maximize Recall):
2026-04-19 07:51:11 |   Threshold:         0.20
2026-04-19 07:51:11 |   Disease recall:    1.0000
2026-04-19 07:51:11 |   Disease precision: 1.0000
2026-04-19 07:51:11 |   False negatives:   0
2026-04-19 07:51:11 |   False positives:   0
2026-04-19 07:51:11 |   F1-macro:          1.0000
2026-04-19 07:51:11 | Point B (Recall >= 0.95 best precision):
2026-04-19 07:51:11 |   Threshold:         0.20
2026-04-19 07:51:11 |   Disease recall:    1.0000
2026-04-19 07:51:11 |   Disease precision: 1.0000
2026-04-19 07:51:11 |   False negatives:   0
2026-04-19 07:51:11 |   False positives:   0
2026-04-19 07:51:11 |   F1-macro:          1.0000
2026-04-19 07:51:11 | Point C (Maximize F1-macro):
2026-04-19 07:51:11 |   Threshold:         0.20
2026-04-19 07:51:11 |   Disease recall:    1.0000
2026-04-19 07:51:11 |   Disease precision: 1.0000
2026-04-19 07:51:11 |   False negatives:   0
2026-04-19 07:51:11 |   False positives:   0
2026-04-19 07:51:11 |   F1-macro:          1.0000
2026-04-19 07:51:11 | === Ensemble Variant 3: Max Probability ===
2026-04-19 07:51:11 | Point A (Maximize Recall):
2026-04-19 07:51:11 |   Threshold:         0.20
2026-04-19 07:51:11 |   Disease recall:    1.0000
2026-04-19 07:51:11 |   Disease precision: 1.0000
2026-04-19 07:51:11 |   False negatives:   0
2026-04-19 07:51:11 |   False positives:   0
2026-04-19 07:51:11 |   F1-macro:          1.0000
2026-04-19 07:51:11 | Point B (Recall >= 0.95 best precision):
2026-04-19 07:51:11 |   Threshold:         0.20
2026-04-19 07:51:11 |   Disease recall:    1.0000
2026-04-19 07:51:11 |   Disease precision: 1.0000
2026-04-19 07:51:11 |   False negatives:   0
2026-04-19 07:51:11 |   False positives:   0
2026-04-19 07:51:11 |   F1-macro:          1.0000
2026-04-19 07:51:11 | Point C (Maximize F1-macro):
2026-04-19 07:51:11 |   Threshold:         0.20
2026-04-19 07:51:11 |   Disease recall:    1.0000
2026-04-19 07:51:11 |   Disease precision: 1.0000
2026-04-19 07:51:11 |   False negatives:   0
2026-04-19 07:51:11 |   False positives:   0
2026-04-19 07:51:11 |   F1-macro:          1.0000
2026-04-19 07:51:12 | ================================================================================
2026-04-19 07:51:12 | ENSEMBLE COMPARISON — target: FN=0, minimize FP
2026-04-19 07:51:12 | ================================================================================
2026-04-19 07:51:12 | Strategy                                 t   Recall     Prec    FN    FP       F1
2026-04-19 07:51:12 | V1 (Avg) Point A                      0.20    1.000    1.000     0     0    1.000
2026-04-19 07:51:12 | V1 (Avg) Point B                      0.20    1.000    1.000     0     0    1.000
2026-04-19 07:51:12 | V1 (Avg) Point C                      0.20    1.000    1.000     0     0    1.000
2026-04-19 07:51:12 | V2 (Weighted) Point A                 0.20    1.000    1.000     0     0    1.000
2026-04-19 07:51:12 | V2 (Weighted) Point B                 0.20    1.000    1.000     0     0    1.000
2026-04-19 07:51:12 | V2 (Weighted) Point C                 0.20    1.000    1.000     0     0    1.000
2026-04-19 07:51:12 | V3 (Max) Point A                      0.20    1.000    1.000     0     0    1.000
2026-04-19 07:51:12 | V3 (Max) Point B                      0.20    1.000    1.000     0     0    1.000
2026-04-19 07:51:12 | V3 (Max) Point C                      0.20    1.000    1.000     0     0    1.000
