2026-04-19 09:04:40 | Starting EfficientNet v2 Training for pair: pgov
2026-04-19 09:04:40 | Label: PGOV + Suche Oko
2026-04-19 09:04:40 | Backbone: b0 | Seed: 42
2026-04-19 09:04:40 | Device: cuda
2026-04-19 09:04:40 |   disease_train: 440 images → dataset/pgov/learning/pgov
2026-04-19 09:04:40 |   disease_test: 112 images → dataset/pgov/test/pgov
2026-04-19 09:04:40 |   healthy_train: 440 images → dataset/pgov/learning/zdravi_ludi/super_proccesed
2026-04-19 09:04:40 |   healthy_test: 112 images → dataset/pgov/test/zdravi_ludi/super_proccesed
2026-04-19 09:04:40 | Train — disease: 440, healthy: 440, total: 880
2026-04-19 09:04:40 | Test — disease: 112, healthy: 112, total: 224
2026-04-19 09:04:41 | Class weights (disease-boosted): [1.5 1. ]
2026-04-19 09:04:41 | =================================================================
2026-04-19 09:04:41 | PHASE 1: Frozen backbone — classifier head warm-up
2026-04-19 09:04:41 | =================================================================
2026-04-19 09:04:41 | Phase 1 trainable params: 2,562
2026-04-19 09:04:48 | P1 Epoch 01/15 | train_loss=0.3754 | val_loss=0.2693 | val_f1=0.9327 | lr=1.00e-03
2026-04-19 09:04:55 | P1 Epoch 02/15 | train_loss=0.2395 | val_loss=0.2114 | val_f1=0.9777 | lr=9.89e-04
2026-04-19 09:05:01 | P1 Epoch 03/15 | train_loss=0.2085 | val_loss=0.1914 | val_f1=0.9821 | lr=9.57e-04
2026-04-19 09:05:07 | P1 Epoch 04/15 | train_loss=0.2091 | val_loss=0.2054 | val_f1=0.9777 | lr=9.05e-04
2026-04-19 09:05:14 | P1 Epoch 05/15 | train_loss=0.2172 | val_loss=0.2080 | val_f1=0.9866 | lr=8.35e-04
2026-04-19 09:05:20 | P1 Epoch 06/15 | train_loss=0.2025 | val_loss=0.2031 | val_f1=0.9911 | lr=7.50e-04
2026-04-19 09:05:28 | P1 Epoch 07/15 | train_loss=0.2070 | val_loss=0.2157 | val_f1=0.9777 | lr=6.55e-04
2026-04-19 09:05:34 | P1 Epoch 08/15 | train_loss=0.1968 | val_loss=0.2108 | val_f1=0.9732 | lr=5.52e-04
2026-04-19 09:05:40 | P1 Epoch 09/15 | train_loss=0.1954 | val_loss=0.2154 | val_f1=0.9821 | lr=4.48e-04
2026-04-19 09:05:46 | P1 Epoch 10/15 | train_loss=0.2142 | val_loss=0.2163 | val_f1=0.9687 | lr=3.45e-04
2026-04-19 09:05:53 | P1 Epoch 11/15 | train_loss=0.2119 | val_loss=0.2169 | val_f1=0.9687 | lr=2.50e-04
2026-04-19 09:06:00 | P1 Epoch 12/15 | train_loss=0.2066 | val_loss=0.2241 | val_f1=0.9732 | lr=1.65e-04
2026-04-19 09:06:07 | P1 Epoch 13/15 | train_loss=0.1946 | val_loss=0.2079 | val_f1=0.9732 | lr=9.55e-05
2026-04-19 09:06:13 | P1 Epoch 14/15 | train_loss=0.1900 | val_loss=0.2113 | val_f1=0.9732 | lr=4.32e-05
2026-04-19 09:06:13 | Phase 1 early stop at epoch 14 — best F1: 0.9911
2026-04-19 09:06:13 | Phase 1 complete — best F1: 0.9911
2026-04-19 09:06:13 | =================================================================
2026-04-19 09:06:13 | PHASE 2: Deep fine-tune with Focal Loss + Mixup
2026-04-19 09:06:13 | =================================================================
2026-04-19 09:06:13 | Phase 2 trainable params: 3,944,380
2026-04-19 09:06:19 | P2 Epoch 01/60 | train_loss=0.1375 | val_loss=0.0238 | val_f1=0.9777 | bb_lr=5.00e-06 | head_lr=5.00e-05
2026-04-19 09:06:26 | P2 Epoch 02/60 | train_loss=0.1085 | val_loss=0.0312 | val_f1=0.9687 | bb_lr=4.88e-06 | head_lr=4.88e-05
2026-04-19 09:06:34 | P2 Epoch 03/60 | train_loss=0.1515 | val_loss=0.0241 | val_f1=0.9777 | bb_lr=4.52e-06 | head_lr=4.52e-05
2026-04-19 09:06:40 | P2 Epoch 04/60 | train_loss=0.0860 | val_loss=0.0298 | val_f1=0.9508 | bb_lr=3.97e-06 | head_lr=3.97e-05
2026-04-19 09:06:46 | P2 Epoch 05/60 | train_loss=0.1020 | val_loss=0.0223 | val_f1=0.9732 | bb_lr=3.27e-06 | head_lr=3.27e-05
2026-04-19 09:06:53 | P2 Epoch 06/60 | train_loss=0.0981 | val_loss=0.0310 | val_f1=0.9553 | bb_lr=2.50e-06 | head_lr=2.50e-05
2026-04-19 09:06:59 | P2 Epoch 07/60 | train_loss=0.1112 | val_loss=0.0268 | val_f1=0.9687 | bb_lr=1.73e-06 | head_lr=1.73e-05
2026-04-19 09:07:07 | P2 Epoch 08/60 | train_loss=0.0867 | val_loss=0.0373 | val_f1=0.9418 | bb_lr=1.03e-06 | head_lr=1.03e-05
2026-04-19 09:07:14 | P2 Epoch 09/60 | train_loss=0.0954 | val_loss=0.0251 | val_f1=0.9687 | bb_lr=4.77e-07 | head_lr=4.77e-06
2026-04-19 09:07:21 | P2 Epoch 10/60 | train_loss=0.0994 | val_loss=0.0326 | val_f1=0.9687 | bb_lr=1.22e-07 | head_lr=1.22e-06
2026-04-19 09:07:27 | P2 Epoch 11/60 | train_loss=0.0772 | val_loss=0.0327 | val_f1=0.9642 | bb_lr=5.00e-06 | head_lr=5.00e-05
2026-04-19 09:07:33 | P2 Epoch 12/60 | train_loss=0.0862 | val_loss=0.0203 | val_f1=0.9821 | bb_lr=4.97e-06 | head_lr=4.97e-05
2026-04-19 09:07:41 | P2 Epoch 13/60 | train_loss=0.0992 | val_loss=0.0184 | val_f1=0.9866 | bb_lr=4.88e-06 | head_lr=4.88e-05
2026-04-19 09:07:48 | P2 Epoch 14/60 | train_loss=0.0835 | val_loss=0.0189 | val_f1=0.9866 | bb_lr=4.73e-06 | head_lr=4.73e-05
2026-04-19 09:07:54 | P2 Epoch 15/60 | train_loss=0.0749 | val_loss=0.0330 | val_f1=0.9642 | bb_lr=4.52e-06 | head_lr=4.52e-05
2026-04-19 09:08:01 | P2 Epoch 16/60 | train_loss=0.0762 | val_loss=0.0338 | val_f1=0.9777 | bb_lr=4.27e-06 | head_lr=4.27e-05
2026-04-19 09:08:07 | P2 Epoch 17/60 | train_loss=0.0811 | val_loss=0.0269 | val_f1=0.9777 | bb_lr=3.97e-06 | head_lr=3.97e-05
2026-04-19 09:08:15 | P2 Epoch 18/60 | train_loss=0.0858 | val_loss=0.0186 | val_f1=0.9866 | bb_lr=3.63e-06 | head_lr=3.63e-05
2026-04-19 09:08:21 | P2 Epoch 19/60 | train_loss=0.0730 | val_loss=0.0259 | val_f1=0.9777 | bb_lr=3.27e-06 | head_lr=3.27e-05
2026-04-19 09:08:28 | P2 Epoch 20/60 | train_loss=0.0698 | val_loss=0.0278 | val_f1=0.9732 | bb_lr=2.89e-06 | head_lr=2.89e-05
2026-04-19 09:08:34 | P2 Epoch 21/60 | train_loss=0.0710 | val_loss=0.0317 | val_f1=0.9553 | bb_lr=2.50e-06 | head_lr=2.50e-05
2026-04-19 09:08:41 | P2 Epoch 22/60 | train_loss=0.0906 | val_loss=0.0295 | val_f1=0.9687 | bb_lr=2.11e-06 | head_lr=2.11e-05
2026-04-19 09:08:48 | P2 Epoch 23/60 | train_loss=0.0817 | val_loss=0.0234 | val_f1=0.9777 | bb_lr=1.73e-06 | head_lr=1.73e-05
2026-04-19 09:08:55 | P2 Epoch 24/60 | train_loss=0.0697 | val_loss=0.0278 | val_f1=0.9777 | bb_lr=1.37e-06 | head_lr=1.37e-05
2026-04-19 09:09:01 | P2 Epoch 25/60 | train_loss=0.0603 | val_loss=0.0269 | val_f1=0.9687 | bb_lr=1.03e-06 | head_lr=1.03e-05
2026-04-19 09:09:08 | P2 Epoch 26/60 | train_loss=0.0847 | val_loss=0.0251 | val_f1=0.9732 | bb_lr=7.32e-07 | head_lr=7.32e-06
2026-04-19 09:09:14 | P2 Epoch 27/60 | train_loss=0.0762 | val_loss=0.0201 | val_f1=0.9821 | bb_lr=4.77e-07 | head_lr=4.77e-06
2026-04-19 09:09:22 | P2 Epoch 28/60 | train_loss=0.1001 | val_loss=0.0245 | val_f1=0.9777 | bb_lr=2.72e-07 | head_lr=2.72e-06
2026-04-19 09:09:22 | Phase 2 early stop at epoch 28 — best F1: 0.9866
2026-04-19 09:09:22 | Loading best Phase 2 model for final evaluation...
2026-04-19 09:09:23 | =================================================================
2026-04-19 09:09:23 | FINAL EVALUATION
2026-04-19 09:09:23 | =================================================================
2026-04-19 09:09:23 | ROC-AUC:           1.0000
2026-04-19 09:09:23 | F1-macro:          0.9866
2026-04-19 09:09:23 | Disease recall:    0.9732
2026-04-19 09:09:23 | Disease precision: 1.0000
2026-04-19 09:09:23 | False negatives:   3
2026-04-19 09:09:23 | False positives:   0
2026-04-19 09:09:23 | 
Classification report:
              precision    recall  f1-score   support

        PGOV       1.00      0.97      0.99       112
      Zdravi       0.97      1.00      0.99       112

    accuracy                           0.99       224
   macro avg       0.99      0.99      0.99       224
weighted avg       0.99      0.99      0.99       224

2026-04-19 09:09:23 | Model saved to: results/pgov/efficientnet_v2_b0_pgov.pth
2026-04-19 09:09:23 | Log saved to: results/pgov/training_v2_b0_pgov.log
2026-04-19 09:09:23 | Confusion matrix: results/pgov/v2_b0_confusion_matrix_pgov.png
