2026-04-19 07:52:54 | Starting EfficientNet Focal Retraining for pair: skleroza
2026-04-19 07:52:54 | Label: Skleroza Multiplex
2026-04-19 07:52:54 |   disease_train: 440 images → dataset/skleroza/learning/skleroza
2026-04-19 07:52:54 |   disease_test: 112 images → dataset/skleroza/test/skleroza
2026-04-19 07:52:54 |   healthy_train: 440 images → dataset/skleroza/learning/zdravi_ludi
2026-04-19 07:52:54 |   healthy_test: 112 images → dataset/skleroza/test/zdravi_ludi
2026-04-19 07:52:54 | Train — disease: 440, healthy: 440, total: 880
2026-04-19 07:52:54 | Test — disease: 112, healthy: 112, total: 224
2026-04-19 07:52:54 | Loading finetuned checkpoint from results/skleroza/efficientnet_finetuned_skleroza.pth...
2026-04-19 07:52:55 | Focal retrain trainable params: 3,158,302
2026-04-19 07:52:58 | Epoch 01/20 | train_loss=0.0116 | val_loss=0.0423 | val_f1_macro=0.9553 | backbone_lr=5.00e-06 | head_lr=5.00e-05
2026-04-19 07:53:01 | Epoch 02/20 | train_loss=0.0257 | val_loss=0.0402 | val_f1_macro=0.9553 | backbone_lr=5.00e-06 | head_lr=5.00e-05
2026-04-19 07:53:03 | Epoch 03/20 | train_loss=0.0309 | val_loss=0.0521 | val_f1_macro=0.9418 | backbone_lr=5.00e-06 | head_lr=5.00e-05
2026-04-19 07:53:06 | Epoch 04/20 | train_loss=0.0242 | val_loss=0.0462 | val_f1_macro=0.9418 | backbone_lr=5.00e-06 | head_lr=5.00e-05
2026-04-19 07:53:09 | Epoch 05/20 | train_loss=0.0337 | val_loss=0.0698 | val_f1_macro=0.9373 | backbone_lr=5.00e-06 | head_lr=5.00e-05
2026-04-19 07:53:12 | Epoch 06/20 | train_loss=0.0302 | val_loss=0.0584 | val_f1_macro=0.9373 | backbone_lr=5.00e-06 | head_lr=5.00e-05
2026-04-19 07:53:15 | Epoch 07/20 | train_loss=0.0220 | val_loss=0.0599 | val_f1_macro=0.9373 | backbone_lr=5.00e-06 | head_lr=5.00e-05
2026-04-19 07:53:18 | Epoch 08/20 | train_loss=0.0215 | val_loss=0.0533 | val_f1_macro=0.9463 | backbone_lr=5.00e-06 | head_lr=5.00e-05
2026-04-19 07:53:20 | Epoch 09/20 | train_loss=0.0305 | val_loss=0.0498 | val_f1_macro=0.9328 | backbone_lr=5.00e-06 | head_lr=5.00e-05
2026-04-19 07:53:20 | Early stopping at epoch 9 — best F1: 0.9553
2026-04-19 07:53:20 | Loading best focal model for final evaluation on test set...
2026-04-19 07:53:21 | =================================================================
2026-04-19 07:53:21 | FOCAL RETRAINING EVALUATION
2026-04-19 07:53:21 | =================================================================
2026-04-19 07:53:21 | ROC-AUC:           0.9960
2026-04-19 07:53:21 | F1-macro:          0.9553
2026-04-19 07:53:21 | Disease recall:    0.9107
2026-04-19 07:53:21 | Disease precision: 1.0000
2026-04-19 07:53:21 | False negatives:   10
2026-04-19 07:53:21 | 
Classification report:
2026-04-19 07:53:21 | 
              precision    recall  f1-score   support

    Skleroza       1.00      0.91      0.95       112
      Zdravi       0.92      1.00      0.96       112

    accuracy                           0.96       224
   macro avg       0.96      0.96      0.96       224
weighted avg       0.96      0.96      0.96       224

2026-04-19 07:53:21 | Focal model successfully trained and saved to results/skleroza/efficientnet_focal_skleroza.pth
2026-04-19 07:53:21 | Log saved to: results/skleroza/efficientnet_focal_skleroza.log
