2026-04-19 08:52:38 | Starting EfficientNet v2 Training for pair: skleroza
2026-04-19 08:52:38 | Label: Skleroza Multiplex
2026-04-19 08:52:38 | Backbone: b2 | Seed: 123
2026-04-19 08:52:38 | Device: cuda
2026-04-19 08:52:38 |   disease_train: 440 images → dataset/skleroza/learning/skleroza
2026-04-19 08:52:38 |   disease_test: 112 images → dataset/skleroza/test/skleroza
2026-04-19 08:52:38 |   healthy_train: 440 images → dataset/skleroza/learning/zdravi_ludi
2026-04-19 08:52:38 |   healthy_test: 112 images → dataset/skleroza/test/zdravi_ludi
2026-04-19 08:52:38 | Train — disease: 440, healthy: 440, total: 880
2026-04-19 08:52:38 | Test — disease: 112, healthy: 112, total: 224
2026-04-19 08:52:39 | Class weights (disease-boosted): [1.5 1. ]
2026-04-19 08:52:39 | =================================================================
2026-04-19 08:52:39 | PHASE 1: Frozen backbone — classifier head warm-up
2026-04-19 08:52:39 | =================================================================
2026-04-19 08:52:39 | Phase 1 trainable params: 2,818
2026-04-19 08:52:45 | P1 Epoch 01/15 | train_loss=0.4007 | val_loss=0.3285 | val_f1=0.9054 | lr=1.00e-03
2026-04-19 08:52:52 | P1 Epoch 02/15 | train_loss=0.2924 | val_loss=0.2514 | val_f1=0.9463 | lr=9.89e-04
2026-04-19 08:52:58 | P1 Epoch 03/15 | train_loss=0.2620 | val_loss=0.2382 | val_f1=0.9508 | lr=9.57e-04
2026-04-19 08:53:06 | P1 Epoch 04/15 | train_loss=0.2457 | val_loss=0.2448 | val_f1=0.9418 | lr=9.05e-04
2026-04-19 08:53:12 | P1 Epoch 05/15 | train_loss=0.2291 | val_loss=0.2385 | val_f1=0.9463 | lr=8.35e-04
2026-04-19 08:53:19 | P1 Epoch 06/15 | train_loss=0.2377 | val_loss=0.2399 | val_f1=0.9373 | lr=7.50e-04
2026-04-19 08:53:25 | P1 Epoch 07/15 | train_loss=0.2323 | val_loss=0.2491 | val_f1=0.9327 | lr=6.55e-04
2026-04-19 08:53:31 | P1 Epoch 08/15 | train_loss=0.2277 | val_loss=0.2433 | val_f1=0.9373 | lr=5.52e-04
2026-04-19 08:53:39 | P1 Epoch 09/15 | train_loss=0.2291 | val_loss=0.2519 | val_f1=0.9282 | lr=4.48e-04
2026-04-19 08:53:45 | P1 Epoch 10/15 | train_loss=0.2201 | val_loss=0.2558 | val_f1=0.9327 | lr=3.45e-04
2026-04-19 08:53:52 | P1 Epoch 11/15 | train_loss=0.2454 | val_loss=0.2363 | val_f1=0.9373 | lr=2.50e-04
2026-04-19 08:53:52 | Phase 1 early stop at epoch 11 — best F1: 0.9508
2026-04-19 08:53:52 | Phase 1 complete — best F1: 0.9508
2026-04-19 08:53:52 | =================================================================
2026-04-19 08:53:52 | PHASE 2: Deep fine-tune with Focal Loss + Mixup
2026-04-19 08:53:52 | =================================================================
2026-04-19 08:53:52 | Phase 2 trainable params: 7,570,266
2026-04-19 08:53:58 | P2 Epoch 01/60 | train_loss=0.1940 | val_loss=0.0597 | val_f1=0.9327 | bb_lr=5.00e-06 | head_lr=5.00e-05
2026-04-19 08:54:05 | P2 Epoch 02/60 | train_loss=0.1211 | val_loss=0.0507 | val_f1=0.9463 | bb_lr=4.88e-06 | head_lr=4.88e-05
2026-04-19 08:54:13 | P2 Epoch 03/60 | train_loss=0.0971 | val_loss=0.0529 | val_f1=0.9327 | bb_lr=4.52e-06 | head_lr=4.52e-05
2026-04-19 08:54:20 | P2 Epoch 04/60 | train_loss=0.1083 | val_loss=0.0475 | val_f1=0.9373 | bb_lr=3.97e-06 | head_lr=3.97e-05
2026-04-19 08:54:26 | P2 Epoch 05/60 | train_loss=0.0871 | val_loss=0.0527 | val_f1=0.9282 | bb_lr=3.27e-06 | head_lr=3.27e-05
2026-04-19 08:54:33 | P2 Epoch 06/60 | train_loss=0.1213 | val_loss=0.0550 | val_f1=0.9327 | bb_lr=2.50e-06 | head_lr=2.50e-05
2026-04-19 08:54:40 | P2 Epoch 07/60 | train_loss=0.0958 | val_loss=0.0497 | val_f1=0.9508 | bb_lr=1.73e-06 | head_lr=1.73e-05
2026-04-19 08:54:48 | P2 Epoch 08/60 | train_loss=0.0928 | val_loss=0.0608 | val_f1=0.9327 | bb_lr=1.03e-06 | head_lr=1.03e-05
2026-04-19 08:54:55 | P2 Epoch 09/60 | train_loss=0.0924 | val_loss=0.0549 | val_f1=0.9373 | bb_lr=4.77e-07 | head_lr=4.77e-06
2026-04-19 08:55:01 | P2 Epoch 10/60 | train_loss=0.0906 | val_loss=0.0514 | val_f1=0.9373 | bb_lr=1.22e-07 | head_lr=1.22e-06
2026-04-19 08:55:08 | P2 Epoch 11/60 | train_loss=0.0796 | val_loss=0.0522 | val_f1=0.9508 | bb_lr=5.00e-06 | head_lr=5.00e-05
2026-04-19 08:55:15 | P2 Epoch 12/60 | train_loss=0.0957 | val_loss=0.0501 | val_f1=0.9508 | bb_lr=4.97e-06 | head_lr=4.97e-05
2026-04-19 08:55:23 | P2 Epoch 13/60 | train_loss=0.0862 | val_loss=0.0540 | val_f1=0.9418 | bb_lr=4.88e-06 | head_lr=4.88e-05
2026-04-19 08:55:30 | P2 Epoch 14/60 | train_loss=0.0976 | val_loss=0.0488 | val_f1=0.9418 | bb_lr=4.73e-06 | head_lr=4.73e-05
2026-04-19 08:55:36 | P2 Epoch 15/60 | train_loss=0.0753 | val_loss=0.0530 | val_f1=0.9418 | bb_lr=4.52e-06 | head_lr=4.52e-05
2026-04-19 08:55:43 | P2 Epoch 16/60 | train_loss=0.0714 | val_loss=0.0501 | val_f1=0.9327 | bb_lr=4.27e-06 | head_lr=4.27e-05
2026-04-19 08:55:50 | P2 Epoch 17/60 | train_loss=0.0994 | val_loss=0.0556 | val_f1=0.9418 | bb_lr=3.97e-06 | head_lr=3.97e-05
2026-04-19 08:55:58 | P2 Epoch 18/60 | train_loss=0.0772 | val_loss=0.0475 | val_f1=0.9553 | bb_lr=3.63e-06 | head_lr=3.63e-05
2026-04-19 08:56:05 | P2 Epoch 19/60 | train_loss=0.0789 | val_loss=0.0662 | val_f1=0.9237 | bb_lr=3.27e-06 | head_lr=3.27e-05
2026-04-19 08:56:11 | P2 Epoch 20/60 | train_loss=0.0778 | val_loss=0.0499 | val_f1=0.9373 | bb_lr=2.89e-06 | head_lr=2.89e-05
2026-04-19 08:56:18 | P2 Epoch 21/60 | train_loss=0.0598 | val_loss=0.0530 | val_f1=0.9373 | bb_lr=2.50e-06 | head_lr=2.50e-05
2026-04-19 08:56:26 | P2 Epoch 22/60 | train_loss=0.0795 | val_loss=0.0458 | val_f1=0.9553 | bb_lr=2.11e-06 | head_lr=2.11e-05
2026-04-19 08:56:33 | P2 Epoch 23/60 | train_loss=0.0793 | val_loss=0.0481 | val_f1=0.9373 | bb_lr=1.73e-06 | head_lr=1.73e-05
2026-04-19 08:56:39 | P2 Epoch 24/60 | train_loss=0.1005 | val_loss=0.0453 | val_f1=0.9553 | bb_lr=1.37e-06 | head_lr=1.37e-05
2026-04-19 08:56:46 | P2 Epoch 25/60 | train_loss=0.0683 | val_loss=0.0496 | val_f1=0.9418 | bb_lr=1.03e-06 | head_lr=1.03e-05
2026-04-19 08:56:52 | P2 Epoch 26/60 | train_loss=0.0711 | val_loss=0.0607 | val_f1=0.9237 | bb_lr=7.32e-07 | head_lr=7.32e-06
2026-04-19 08:57:00 | P2 Epoch 27/60 | train_loss=0.0701 | val_loss=0.0614 | val_f1=0.9191 | bb_lr=4.77e-07 | head_lr=4.77e-06
2026-04-19 08:57:07 | P2 Epoch 28/60 | train_loss=0.0776 | val_loss=0.0549 | val_f1=0.9508 | bb_lr=2.72e-07 | head_lr=2.72e-06
2026-04-19 08:57:14 | P2 Epoch 29/60 | train_loss=0.0840 | val_loss=0.0574 | val_f1=0.9418 | bb_lr=1.22e-07 | head_lr=1.22e-06
2026-04-19 08:57:21 | P2 Epoch 30/60 | train_loss=0.0854 | val_loss=0.0582 | val_f1=0.9327 | bb_lr=3.08e-08 | head_lr=3.08e-07
2026-04-19 08:57:27 | P2 Epoch 31/60 | train_loss=0.0862 | val_loss=0.0489 | val_f1=0.9463 | bb_lr=5.00e-06 | head_lr=5.00e-05
2026-04-19 08:57:35 | P2 Epoch 32/60 | train_loss=0.0964 | val_loss=0.0503 | val_f1=0.9508 | bb_lr=4.99e-06 | head_lr=4.99e-05
2026-04-19 08:57:42 | P2 Epoch 33/60 | train_loss=0.0702 | val_loss=0.0502 | val_f1=0.9327 | bb_lr=4.97e-06 | head_lr=4.97e-05
2026-04-19 08:57:42 | Phase 2 early stop at epoch 33 — best F1: 0.9553
2026-04-19 08:57:42 | Loading best Phase 2 model for final evaluation...
2026-04-19 08:57:43 | =================================================================
2026-04-19 08:57:43 | FINAL EVALUATION
2026-04-19 08:57:43 | =================================================================
2026-04-19 08:57:43 | ROC-AUC:           0.9974
2026-04-19 08:57:43 | F1-macro:          0.9553
2026-04-19 08:57:43 | Disease recall:    0.9107
2026-04-19 08:57:43 | Disease precision: 1.0000
2026-04-19 08:57:43 | False negatives:   10
2026-04-19 08:57:43 | False positives:   0
2026-04-19 08:57:43 | 
Classification report:
              precision    recall  f1-score   support

    Skleroza       1.00      0.91      0.95       112
      Zdravi       0.92      1.00      0.96       112

    accuracy                           0.96       224
   macro avg       0.96      0.96      0.96       224
weighted avg       0.96      0.96      0.96       224

2026-04-19 08:57:43 | Model saved to: results/skleroza/efficientnet_v2_b2_s123_skleroza.pth
2026-04-19 08:57:43 | Log saved to: results/skleroza/training_v2_b2_s123_skleroza.log
2026-04-19 08:57:43 | Confusion matrix: results/skleroza/v2_b2_s123_confusion_matrix_skleroza.png
