2026-04-19 04:29:12 | Starting EfficientNet Frozen Training for pair: skleroza
2026-04-19 04:29:12 | Disease class: skleroza
2026-04-19 04:29:12 | Healthy class: zdravi_ludi
2026-04-19 04:29:12 | Total images found: 1104
2026-04-19 04:29:12 | Class 0 (skleroza): 552
2026-04-19 04:29:12 | Class 1 (zdravi_ludi): 552
2026-04-19 04:29:12 | Training samples: 883
2026-04-19 04:29:12 | Test samples: 221
2026-04-19 04:29:12 | Device: cuda
2026-04-19 04:29:12 | Trainable params: 2,562
2026-04-19 04:29:16 | Epoch 01/60 | train_loss=0.3773 | val_loss=0.2450 | val_f1_macro=0.9274 | lr=1.00e-03
2026-04-19 04:29:19 | Epoch 02/60 | train_loss=0.2043 | val_loss=0.1874 | val_f1_macro=0.9366 | lr=9.99e-04
2026-04-19 04:29:22 | Epoch 03/60 | train_loss=0.2316 | val_loss=0.1574 | val_f1_macro=0.9457 | lr=9.97e-04
2026-04-19 04:29:25 | Epoch 04/60 | train_loss=0.1740 | val_loss=0.1487 | val_f1_macro=0.9457 | lr=9.94e-04
2026-04-19 04:29:27 | Epoch 05/60 | train_loss=0.1575 | val_loss=0.1389 | val_f1_macro=0.9457 | lr=9.89e-04
2026-04-19 04:29:30 | Epoch 06/60 | train_loss=0.1670 | val_loss=0.1280 | val_f1_macro=0.9502 | lr=9.83e-04
2026-04-19 04:29:33 | Epoch 07/60 | train_loss=0.1740 | val_loss=0.1206 | val_f1_macro=0.9638 | lr=9.76e-04
2026-04-19 04:29:36 | Epoch 08/60 | train_loss=0.1696 | val_loss=0.1249 | val_f1_macro=0.9547 | lr=9.67e-04
2026-04-19 04:29:39 | Epoch 09/60 | train_loss=0.1598 | val_loss=0.1078 | val_f1_macro=0.9819 | lr=9.57e-04
2026-04-19 04:29:42 | Epoch 10/60 | train_loss=0.1469 | val_loss=0.1087 | val_f1_macro=0.9729 | lr=9.46e-04
2026-04-19 04:29:45 | Epoch 11/60 | train_loss=0.1625 | val_loss=0.1092 | val_f1_macro=0.9729 | lr=9.33e-04
2026-04-19 04:29:47 | Epoch 12/60 | train_loss=0.1639 | val_loss=0.1136 | val_f1_macro=0.9638 | lr=9.19e-04
2026-04-19 04:29:50 | Epoch 13/60 | train_loss=0.1544 | val_loss=0.1000 | val_f1_macro=0.9729 | lr=9.05e-04
2026-04-19 04:29:53 | Epoch 14/60 | train_loss=0.1542 | val_loss=0.0960 | val_f1_macro=0.9728 | lr=8.89e-04
2026-04-19 04:29:56 | Epoch 15/60 | train_loss=0.1601 | val_loss=0.0962 | val_f1_macro=0.9728 | lr=8.72e-04
2026-04-19 04:29:59 | Epoch 16/60 | train_loss=0.1502 | val_loss=0.0999 | val_f1_macro=0.9728 | lr=8.54e-04
2026-04-19 04:30:02 | Epoch 17/60 | train_loss=0.1363 | val_loss=0.0906 | val_f1_macro=0.9774 | lr=8.35e-04
2026-04-19 04:30:04 | Epoch 18/60 | train_loss=0.1365 | val_loss=0.0845 | val_f1_macro=0.9819 | lr=8.15e-04
2026-04-19 04:30:07 | Epoch 19/60 | train_loss=0.1442 | val_loss=0.0921 | val_f1_macro=0.9729 | lr=7.94e-04
2026-04-19 04:30:10 | Epoch 20/60 | train_loss=0.1482 | val_loss=0.0890 | val_f1_macro=0.9729 | lr=7.72e-04
2026-04-19 04:30:13 | Epoch 21/60 | train_loss=0.1509 | val_loss=0.1009 | val_f1_macro=0.9683 | lr=7.50e-04
2026-04-19 04:30:13 | Early stopping at epoch 21 — best F1: 0.9819
2026-04-19 04:30:13 | Finished. Best model saved to: results/skleroza/efficientnet_frozen_skleroza.pth
